REXPaint v1.50

I=0000000 Initializing resources
I=0000015 Initializing Rogue Engine X
I=0000015 |   Starting SDL
I=0000072 |   Importing icon
I=0000073 |   Confirmed resource initialization
I=0000073 |   Loading colors
I=0000073 |   Initializing font type data
I=0000073 |   Mapping standard ASCII values
I=0000073 |   Loading fonts
I=0000074 |   |   [font set: CP437 12x12]
I=0000076 |   |   ...cp437_12x12.png
I=0000078 |   |   ...cp437_12x12.png
I=0000078 |   |   [font set: CP437 14x14]
I=0000080 |   |   ...cp437_14x14.png
I=0000083 |   |   ...cp437_14x14.png
I=0000083 |   |   [font set: CP437 16x16]
I=0000086 |   |   ...cp437_16x16.png
I=0000089 |   |   ...cp437_16x16.png
I=0000089 |   |   [font set: CP437 18x18]
I=0000093 |   |   ...cp437_18x18.png
I=0000097 |   |   ...cp437_18x18.png
I=0000097 |   |   [font set ignored: CP437 20x20] (resolution exceeds desktop)
I=0000097 |   |   [font set: CP437 8x8]
I=0000099 |   |   ...cp437_8x8.png
I=0000100 |   |   ...cp437_8x8.png
I=0000100 |   |   [font set: CP437 10x10]
I=0000101 |   |   ...cp437_10x10.png
I=0000103 |   |   ...cp437_10x10.png
I=0000103 |   \---DONE
I=0000103 |   Setting video mode
I=0000103 |   |   Calculating dimensions
I=0000103 |   |   ...charW=12
I=0000103 |   |   ...charH=12
I=0000103 |   |   ...wMin=936
I=0000103 |   |   ...hMin=720
I=0000103 |   |   ...wWanted=936
I=0000103 |   |   ...hWanted=720
I=0000103 |   |   All video modes available
I=0000103 |   |   Setting software video mode
I=0000111 |   \---DONE
I=0000111 |   Setting video mode
I=0000111 |   |   Calculating dimensions
I=0000111 |   |   ...charW=12
I=0000111 |   |   ...charH=12
I=0000111 |   |   ...wMin=936
I=0000111 |   |   ...hMin=720
I=0000111 |   |   ...wWanted=936
I=0000111 |   |   ...hWanted=720
I=0000111 |   |   All video modes available
I=0000111 |   |   Setting software video mode
I=0000113 |   \---DONE
I=0000113 |   Initializing audio
I=0000922 |   Creating console
I=0000925 \---DONE
I=0000926 Setting video mode
I=0000926 |   Calculating dimensions
I=0000926 |   ...charW=14
I=0000926 |   ...charH=14
I=0000926 |   ...wMin=1092
I=0000926 |   ...hMin=840
I=0000926 |   ...wWanted=1092
I=0000926 |   ...hWanted=840
I=0000926 |   All video modes available
I=0000926 |   Setting software video mode
I=0000937 \---DONE
I=0000967 RP::initialize() | Initializing program
I=0000967 |   Mapping font glyphs
I=0000967 |   Creating game consoles
I=0000967 |   CProgram() | Creating CProgram
I=0000968 |   |   Initializing input domains and commands
I=0000968 |   |   Loading inline colors
I=0000968 |   \---DONE
I=0000968 |   Creating top-level consoles
I=0000968 |   ...CPaint
I=0000984 |   Loading palette: Palette
I=0000989 |   ...CBrowse
I=0001011 |   ...CCanvas
I=0001013 |   ...CPicker
I=0001015 |   ...CFilename
I=0001015 |   ...CResize
I=0001015 |   ...CConfirm
I=0001015 |   ...COptions
I=0001015 |   ...CCommands
I=0001016 |   ...CMessage
I=0001016 |   ...CMessage 2
I=0001017 |   Http::newsCheck() | Checking version and retrieving news
I=0001017 \---DONE
I=0001017 |   Resolving address...
I=0001017 |   Starting REX loop
I=0001291 |   Connecting...
I=0001531 |   Sending content...
I=0001532 |   Waiting for ACK...
I=0002007 |   Got 319 bytes: HTTP/1.1 200 OK
Date: Sat, 24 Oct 2020 05:52:56 GMT
Server: Apache
Upgrade: h2,h2c
Connection: Upgrade
Vary: Accept-Encoding
Transfer-Encoding: chunked
Content-Type: text/html; charset=UTF-8

70
version_v1.60:REXPaint v1.60 is out! See the announcement on Grid Sage Forums for the latest version info.</END>

I=0002007 |   POST succeeded
I=0002007 |   Closing socket...
I=0002007 \---DONE
I=0002719 Setting video mode
I=0002719 |   Targeting fullscreen
I=0002719 |   Calculating dimensions
I=0002719 |   ...charW=18
I=0002719 |   ...charH=18
I=0002719 |   ...wMin=1404
I=0002719 |   ...hMin=1080
I=0002719 |   ...wWanted=1920
I=0002719 |   ...hWanted=1080
I=0002719 |   Limited video mode availability
I=0002719 |   Testing mode: 1920x1080
I=0002719 |   ...OKAY: wBest=1920, hBest=1080
I=0002719 |   Testing mode: 1680x1050
I=0002720 |   ...dimensions unsuitable
I=0002720 |   Testing mode: 1600x900
I=0002720 |   ...dimensions unsuitable
I=0002720 |   Testing mode: 1440x900
I=0002720 |   ...dimensions unsuitable
I=0002720 |   Testing mode: 1400x1050
I=0002720 |   ...dimensions unsuitable
I=0002720 |   Testing mode: 1366x768
I=0002720 |   ...dimensions unsuitable
I=0002720 |   Testing mode: 1360x768
I=0002720 |   ...dimensions unsuitable
I=0002720 |   Testing mode: 1280x1024
I=0002720 |   ...dimensions unsuitable
I=0002720 |   Testing mode: 1280x960
I=0002720 |   ...dimensions unsuitable
I=0002720 |   Testing mode: 1280x800
I=0002720 |   ...dimensions unsuitable
I=0002720 |   Testing mode: 1280x768
I=0002720 |   ...dimensions unsuitable
I=0002720 |   Testing mode: 1280x720
I=0002720 |   ...dimensions unsuitable
I=0002720 |   Testing mode: 1280x600
I=0002720 |   ...dimensions unsuitable
I=0002720 |   Testing mode: 1152x864
I=0002720 |   ...dimensions unsuitable
I=0002721 |   Testing mode: 1024x768
I=0002721 |   ...dimensions unsuitable
I=0002721 |   Testing mode: 800x600
I=0002721 |   ...dimensions unsuitable
I=0002721 |   Testing mode: 640x480
I=0002721 |   ...dimensions unsuitable
I=0002721 |   Testing mode: 640x400
I=0002721 |   ...dimensions unsuitable
I=0002721 |   Testing mode: 512x384
I=0002721 |   ...dimensions unsuitable
I=0002721 |   Testing mode: 400x300
I=0002721 |   ...dimensions unsuitable
I=0002721 |   Testing mode: 320x240
I=0002721 |   ...dimensions unsuitable
I=0002721 |   Testing mode: 320x200
I=0002721 |   ...dimensions unsuitable
I=0002721 |   Setting software video mode
I=0003912 |   Setting fullscreen offset: +258,+0
I=0003914 \---DONE
I=0030884 Setting video mode
I=0030884 |   Targeting fullscreen
I=0030884 |   Calculating dimensions
I=0030884 |   ...charW=8
I=0030884 |   ...charH=8
I=0030884 |   ...wMin=624
I=0030884 |   ...hMin=480
I=0030884 |   ...wWanted=1920
I=0030884 |   ...hWanted=1080
I=0030884 |   Limited video mode availability
I=0030884 |   Testing mode: 1920x1080
I=0030884 |   ...OKAY: wBest=1920, hBest=1080
I=0030884 |   Testing mode: 1680x1050
I=0030884 |   ...dimensions unsuitable
I=0030884 |   Testing mode: 1600x900
I=0030884 |   ...dimensions unsuitable
I=0030884 |   Testing mode: 1440x900
I=0030884 |   ...dimensions unsuitable
I=0030884 |   Testing mode: 1400x1050
I=0030884 |   ...dimensions unsuitable
I=0030884 |   Testing mode: 1366x768
I=0030884 |   ...dimensions unsuitable
I=0030884 |   Testing mode: 1360x768
I=0030884 |   ...dimensions unsuitable
I=0030884 |   Testing mode: 1280x1024
I=0030884 |   ...dimensions unsuitable
I=0030884 |   Testing mode: 1280x960
I=0030884 |   ...dimensions unsuitable
I=0030884 |   Testing mode: 1280x800
I=0030884 |   ...dimensions unsuitable
I=0030884 |   Testing mode: 1280x768
I=0030884 |   ...dimensions unsuitable
I=0030884 |   Testing mode: 1280x720
I=0030884 |   ...dimensions unsuitable
I=0030884 |   Testing mode: 1280x600
I=0030884 |   ...dimensions unsuitable
I=0030884 |   Testing mode: 1152x864
I=0030884 |   ...dimensions unsuitable
I=0030884 |   Testing mode: 1024x768
I=0030884 |   ...dimensions unsuitable
I=0030884 |   Testing mode: 800x600
I=0030884 |   ...dimensions unsuitable
I=0030884 |   Testing mode: 640x480
I=0030884 |   ...dimensions unsuitable
I=0030884 |   Testing mode: 640x400
I=0030884 |   ...dimensions unsuitable
I=0030884 |   Testing mode: 512x384
I=0030884 |   ...dimensions unsuitable
I=0030884 |   Testing mode: 400x300
I=0030884 |   ...dimensions unsuitable
I=0030884 |   Testing mode: 320x240
I=0030884 |   ...dimensions unsuitable
I=0030884 |   Testing mode: 320x200
I=0030884 |   ...dimensions unsuitable
I=0030884 |   Setting software video mode
I=0032028 |   Setting fullscreen offset: +648,+300
I=0032029 \---DONE
I=0032069 Setting video mode
I=0032069 |   Targeting fullscreen
I=0032069 |   Calculating dimensions
I=0032069 |   ...charW=10
I=0032069 |   ...charH=10
I=0032069 |   ...wMin=780
I=0032069 |   ...hMin=600
I=0032069 |   ...wWanted=1920
I=0032069 |   ...hWanted=1080
I=0032069 |   Limited video mode availability
I=0032069 |   Testing mode: 1920x1080
I=0032069 |   ...OKAY: wBest=1920, hBest=1080
I=0032069 |   Testing mode: 1680x1050
I=0032069 |   ...dimensions unsuitable
I=0032069 |   Testing mode: 1600x900
I=0032069 |   ...dimensions unsuitable
I=0032069 |   Testing mode: 1440x900
I=0032069 |   ...dimensions unsuitable
I=0032069 |   Testing mode: 1400x1050
I=0032069 |   ...dimensions unsuitable
I=0032069 |   Testing mode: 1366x768
I=0032069 |   ...dimensions unsuitable
I=0032069 |   Testing mode: 1360x768
I=0032069 |   ...dimensions unsuitable
I=0032069 |   Testing mode: 1280x1024
I=0032069 |   ...dimensions unsuitable
I=0032069 |   Testing mode: 1280x960
I=0032069 |   ...dimensions unsuitable
I=0032069 |   Testing mode: 1280x800
I=0032069 |   ...dimensions unsuitable
I=0032069 |   Testing mode: 1280x768
I=0032069 |   ...dimensions unsuitable
I=0032069 |   Testing mode: 1280x720
I=0032069 |   ...dimensions unsuitable
I=0032069 |   Testing mode: 1280x600
I=0032070 |   ...dimensions unsuitable
I=0032070 |   Testing mode: 1152x864
I=0032070 |   ...dimensions unsuitable
I=0032070 |   Testing mode: 1024x768
I=0032070 |   ...dimensions unsuitable
I=0032070 |   Testing mode: 800x600
I=0032070 |   ...dimensions unsuitable
I=0032070 |   Testing mode: 640x480
I=0032070 |   ...dimensions unsuitable
I=0032070 |   Testing mode: 640x400
I=0032070 |   ...dimensions unsuitable
I=0032070 |   Testing mode: 512x384
I=0032070 |   ...dimensions unsuitable
I=0032070 |   Testing mode: 400x300
I=0032070 |   ...dimensions unsuitable
I=0032070 |   Testing mode: 320x240
I=0032070 |   ...dimensions unsuitable
I=0032070 |   Testing mode: 320x200
I=0032070 |   ...dimensions unsuitable
I=0032070 |   Setting software video mode
I=0032081 |   Setting fullscreen offset: +570,+240
I=0032083 \---DONE
I=0035445 Setting video mode
I=0035445 |   Targeting fullscreen
I=0035445 |   Calculating dimensions
I=0035445 |   ...charW=8
I=0035445 |   ...charH=8
I=0035445 |   ...wMin=624
I=0035445 |   ...hMin=480
I=0035445 |   ...wWanted=1920
I=0035445 |   ...hWanted=1080
I=0035445 |   Limited video mode availability
I=0035445 |   Testing mode: 1920x1080
I=0035445 |   ...OKAY: wBest=1920, hBest=1080
I=0035445 |   Testing mode: 1680x1050
I=0035445 |   ...dimensions unsuitable
I=0035445 |   Testing mode: 1600x900
I=0035445 |   ...dimensions unsuitable
I=0035445 |   Testing mode: 1440x900
I=0035445 |   ...dimensions unsuitable
I=0035445 |   Testing mode: 1400x1050
I=0035445 |   ...dimensions unsuitable
I=0035446 |   Testing mode: 1366x768
I=0035446 |   ...dimensions unsuitable
I=0035446 |   Testing mode: 1360x768
I=0035446 |   ...dimensions unsuitable
I=0035446 |   Testing mode: 1280x1024
I=0035446 |   ...dimensions unsuitable
I=0035446 |   Testing mode: 1280x960
I=0035446 |   ...dimensions unsuitable
I=0035446 |   Testing mode: 1280x800
I=0035446 |   ...dimensions unsuitable
I=0035446 |   Testing mode: 1280x768
I=0035446 |   ...dimensions unsuitable
I=0035446 |   Testing mode: 1280x720
I=0035446 |   ...dimensions unsuitable
I=0035446 |   Testing mode: 1280x600
I=0035446 |   ...dimensions unsuitable
I=0035446 |   Testing mode: 1152x864
I=0035446 |   ...dimensions unsuitable
I=0035446 |   Testing mode: 1024x768
I=0035446 |   ...dimensions unsuitable
I=0035446 |   Testing mode: 800x600
I=0035446 |   ...dimensions unsuitable
I=0035446 |   Testing mode: 640x480
I=0035446 |   ...dimensions unsuitable
I=0035446 |   Testing mode: 640x400
I=0035446 |   ...dimensions unsuitable
I=0035446 |   Testing mode: 512x384
I=0035446 |   ...dimensions unsuitable
I=0035446 |   Testing mode: 400x300
I=0035447 |   ...dimensions unsuitable
I=0035447 |   Testing mode: 320x240
I=0035447 |   ...dimensions unsuitable
I=0035447 |   Testing mode: 320x200
I=0035447 |   ...dimensions unsuitable
I=0035447 |   Setting software video mode
I=0036183 |   Setting fullscreen offset: +648,+300
I=0036184 \---DONE
I=0038400 Setting video mode
I=0038401 |   Targeting fullscreen
I=0038401 |   Calculating dimensions
I=0038401 |   ...charW=18
I=0038401 |   ...charH=18
I=0038401 |   ...wMin=1404
I=0038401 |   ...hMin=1080
I=0038401 |   ...wWanted=1920
I=0038401 |   ...hWanted=1080
I=0038401 |   Limited video mode availability
I=0038401 |   Testing mode: 1920x1080
I=0038401 |   ...OKAY: wBest=1920, hBest=1080
I=0038401 |   Testing mode: 1680x1050
I=0038401 |   ...dimensions unsuitable
I=0038401 |   Testing mode: 1600x900
I=0038401 |   ...dimensions unsuitable
I=0038401 |   Testing mode: 1440x900
I=0038401 |   ...dimensions unsuitable
I=0038401 |   Testing mode: 1400x1050
I=0038401 |   ...dimensions unsuitable
I=0038401 |   Testing mode: 1366x768
I=0038401 |   ...dimensions unsuitable
I=0038401 |   Testing mode: 1360x768
I=0038401 |   ...dimensions unsuitable
I=0038401 |   Testing mode: 1280x1024
I=0038401 |   ...dimensions unsuitable
I=0038401 |   Testing mode: 1280x960
I=0038401 |   ...dimensions unsuitable
I=0038401 |   Testing mode: 1280x800
I=0038402 |   ...dimensions unsuitable
I=0038402 |   Testing mode: 1280x768
I=0038402 |   ...dimensions unsuitable
I=0038402 |   Testing mode: 1280x720
I=0038402 |   ...dimensions unsuitable
I=0038402 |   Testing mode: 1280x600
I=0038402 |   ...dimensions unsuitable
I=0038402 |   Testing mode: 1152x864
I=0038402 |   ...dimensions unsuitable
I=0038402 |   Testing mode: 1024x768
I=0038402 |   ...dimensions unsuitable
I=0038402 |   Testing mode: 800x600
I=0038402 |   ...dimensions unsuitable
I=0038402 |   Testing mode: 640x480
I=0038402 |   ...dimensions unsuitable
I=0038402 |   Testing mode: 640x400
I=0038402 |   ...dimensions unsuitable
I=0038402 |   Testing mode: 512x384
I=0038402 |   ...dimensions unsuitable
I=0038402 |   Testing mode: 400x300
I=0038402 |   ...dimensions unsuitable
I=0038402 |   Testing mode: 320x240
I=0038402 |   ...dimensions unsuitable
I=0038402 |   Testing mode: 320x200
I=0038402 |   ...dimensions unsuitable
I=0038402 |   Setting software video mode
I=0039146 |   Setting fullscreen offset: +258,+0
I=0039148 \---DONE
I=0042316 Setting video mode
I=0042316 |   Targeting fullscreen
I=0042316 |   Calculating dimensions
I=0042316 |   ...charW=16
I=0042316 |   ...charH=16
I=0042316 |   ...wMin=1248
I=0042316 |   ...hMin=960
I=0042316 |   ...wWanted=1920
I=0042316 |   ...hWanted=1080
I=0042316 |   Limited video mode availability
I=0042316 |   Testing mode: 1920x1080
I=0042316 |   ...OKAY: wBest=1920, hBest=1080
I=0042316 |   Testing mode: 1680x1050
I=0042316 |   ...dimensions unsuitable
I=0042316 |   Testing mode: 1600x900
I=0042316 |   ...dimensions unsuitable
I=0042316 |   Testing mode: 1440x900
I=0042316 |   ...dimensions unsuitable
I=0042316 |   Testing mode: 1400x1050
I=0042316 |   ...dimensions unsuitable
I=0042316 |   Testing mode: 1366x768
I=0042316 |   ...dimensions unsuitable
I=0042316 |   Testing mode: 1360x768
I=0042316 |   ...dimensions unsuitable
I=0042317 |   Testing mode: 1280x1024
I=0042317 |   ...dimensions unsuitable
I=0042317 |   Testing mode: 1280x960
I=0042317 |   ...dimensions unsuitable
I=0042317 |   Testing mode: 1280x800
I=0042317 |   ...dimensions unsuitable
I=0042317 |   Testing mode: 1280x768
I=0042317 |   ...dimensions unsuitable
I=0042317 |   Testing mode: 1280x720
I=0042317 |   ...dimensions unsuitable
I=0042317 |   Testing mode: 1280x600
I=0042317 |   ...dimensions unsuitable
I=0042317 |   Testing mode: 1152x864
I=0042317 |   ...dimensions unsuitable
I=0042317 |   Testing mode: 1024x768
I=0042317 |   ...dimensions unsuitable
I=0042317 |   Testing mode: 800x600
I=0042317 |   ...dimensions unsuitable
I=0042317 |   Testing mode: 640x480
I=0042317 |   ...dimensions unsuitable
I=0042317 |   Testing mode: 640x400
I=0042317 |   ...dimensions unsuitable
I=0042317 |   Testing mode: 512x384
I=0042317 |   ...dimensions unsuitable
I=0042317 |   Testing mode: 400x300
I=0042317 |   ...dimensions unsuitable
I=0042318 |   Testing mode: 320x240
I=0042318 |   ...dimensions unsuitable
I=0042318 |   Testing mode: 320x200
I=0042318 |   ...dimensions unsuitable
I=0042318 |   Setting software video mode
I=0043042 |   Setting fullscreen offset: +336,+60
I=0043043 \---DONE
I=0044723 Setting video mode
I=0044723 |   Targeting fullscreen
I=0044723 |   Calculating dimensions
I=0044723 |   ...charW=14
I=0044723 |   ...charH=14
I=0044723 |   ...wMin=1092
I=0044723 |   ...hMin=840
I=0044723 |   ...wWanted=1920
I=0044723 |   ...hWanted=1080
I=0044723 |   Limited video mode availability
I=0044723 |   Testing mode: 1920x1080
I=0044724 |   ...OKAY: wBest=1920, hBest=1080
I=0044724 |   Testing mode: 1680x1050
I=0044724 |   ...dimensions unsuitable
I=0044724 |   Testing mode: 1600x900
I=0044724 |   ...dimensions unsuitable
I=0044724 |   Testing mode: 1440x900
I=0044724 |   ...dimensions unsuitable
I=0044724 |   Testing mode: 1400x1050
I=0044724 |   ...dimensions unsuitable
I=0044724 |   Testing mode: 1366x768
I=0044724 |   ...dimensions unsuitable
I=0044724 |   Testing mode: 1360x768
I=0044724 |   ...dimensions unsuitable
I=0044724 |   Testing mode: 1280x1024
I=0044724 |   ...dimensions unsuitable
I=0044724 |   Testing mode: 1280x960
I=0044724 |   ...dimensions unsuitable
I=0044724 |   Testing mode: 1280x800
I=0044724 |   ...dimensions unsuitable
I=0044724 |   Testing mode: 1280x768
I=0044724 |   ...dimensions unsuitable
I=0044724 |   Testing mode: 1280x720
I=0044724 |   ...dimensions unsuitable
I=0044724 |   Testing mode: 1280x600
I=0044725 |   ...dimensions unsuitable
I=0044725 |   Testing mode: 1152x864
I=0044725 |   ...dimensions unsuitable
I=0044725 |   Testing mode: 1024x768
I=0044725 |   ...dimensions unsuitable
I=0044725 |   Testing mode: 800x600
I=0044725 |   ...dimensions unsuitable
I=0044725 |   Testing mode: 640x480
I=0044725 |   ...dimensions unsuitable
I=0044725 |   Testing mode: 640x400
I=0044725 |   ...dimensions unsuitable
I=0044725 |   Testing mode: 512x384
I=0044725 |   ...dimensions unsuitable
I=0044725 |   Testing mode: 400x300
I=0044725 |   ...dimensions unsuitable
I=0044725 |   Testing mode: 320x240
I=0044725 |   ...dimensions unsuitable
I=0044725 |   Testing mode: 320x200
I=0044725 |   ...dimensions unsuitable
I=0044725 |   Setting software video mode
I=0045451 |   Setting fullscreen offset: +414,+120
I=0045453 \---DONE
I=0046585 Setting video mode
I=0046585 |   Targeting fullscreen
I=0046585 |   Calculating dimensions
I=0046585 |   ...charW=12
I=0046585 |   ...charH=12
I=0046585 |   ...wMin=936
I=0046585 |   ...hMin=720
I=0046585 |   ...wWanted=1920
I=0046585 |   ...hWanted=1080
I=0046585 |   Limited video mode availability
I=0046586 |   Testing mode: 1920x1080
I=0046586 |   ...OKAY: wBest=1920, hBest=1080
I=0046586 |   Testing mode: 1680x1050
I=0046586 |   ...dimensions unsuitable
I=0046586 |   Testing mode: 1600x900
I=0046586 |   ...dimensions unsuitable
I=0046586 |   Testing mode: 1440x900
I=0046586 |   ...dimensions unsuitable
I=0046586 |   Testing mode: 1400x1050
I=0046586 |   ...dimensions unsuitable
I=0046586 |   Testing mode: 1366x768
I=0046586 |   ...dimensions unsuitable
I=0046586 |   Testing mode: 1360x768
I=0046586 |   ...dimensions unsuitable
I=0046586 |   Testing mode: 1280x1024
I=0046586 |   ...dimensions unsuitable
I=0046586 |   Testing mode: 1280x960
I=0046586 |   ...dimensions unsuitable
I=0046586 |   Testing mode: 1280x800
I=0046586 |   ...dimensions unsuitable
I=0046586 |   Testing mode: 1280x768
I=0046586 |   ...dimensions unsuitable
I=0046586 |   Testing mode: 1280x720
I=0046586 |   ...dimensions unsuitable
I=0046586 |   Testing mode: 1280x600
I=0046586 |   ...dimensions unsuitable
I=0046586 |   Testing mode: 1152x864
I=0046586 |   ...dimensions unsuitable
I=0046586 |   Testing mode: 1024x768
I=0046587 |   ...dimensions unsuitable
I=0046587 |   Testing mode: 800x600
I=0046587 |   ...dimensions unsuitable
I=0046587 |   Testing mode: 640x480
I=0046587 |   ...dimensions unsuitable
I=0046587 |   Testing mode: 640x400
I=0046587 |   ...dimensions unsuitable
I=0046587 |   Testing mode: 512x384
I=0046587 |   ...dimensions unsuitable
I=0046587 |   Testing mode: 400x300
I=0046587 |   ...dimensions unsuitable
I=0046587 |   Testing mode: 320x240
I=0046587 |   ...dimensions unsuitable
I=0046587 |   Testing mode: 320x200
I=0046587 |   ...dimensions unsuitable
I=0046587 |   Setting software video mode
I=0047321 |   Setting fullscreen offset: +492,+180
I=0047322 \---DONE
I=0049478 Setting video mode
I=0049478 |   Targeting fullscreen
I=0049478 |   Calculating dimensions
I=0049478 |   ...charW=14
I=0049478 |   ...charH=14
I=0049478 |   ...wMin=1092
I=0049478 |   ...hMin=840
I=0049478 |   ...wWanted=1920
I=0049478 |   ...hWanted=1080
I=0049479 |   Limited video mode availability
I=0049479 |   Testing mode: 1920x1080
I=0049479 |   ...OKAY: wBest=1920, hBest=1080
I=0049479 |   Testing mode: 1680x1050
I=0049479 |   ...dimensions unsuitable
I=0049479 |   Testing mode: 1600x900
I=0049479 |   ...dimensions unsuitable
I=0049479 |   Testing mode: 1440x900
I=0049479 |   ...dimensions unsuitable
I=0049479 |   Testing mode: 1400x1050
I=0049479 |   ...dimensions unsuitable
I=0049479 |   Testing mode: 1366x768
I=0049479 |   ...dimensions unsuitable
I=0049479 |   Testing mode: 1360x768
I=0049479 |   ...dimensions unsuitable
I=0049479 |   Testing mode: 1280x1024
I=0049479 |   ...dimensions unsuitable
I=0049479 |   Testing mode: 1280x960
I=0049479 |   ...dimensions unsuitable
I=0049479 |   Testing mode: 1280x800
I=0049479 |   ...dimensions unsuitable
I=0049479 |   Testing mode: 1280x768
I=0049479 |   ...dimensions unsuitable
I=0049479 |   Testing mode: 1280x720
I=0049479 |   ...dimensions unsuitable
I=0049480 |   Testing mode: 1280x600
I=0049480 |   ...dimensions unsuitable
I=0049480 |   Testing mode: 1152x864
I=0049480 |   ...dimensions unsuitable
I=0049480 |   Testing mode: 1024x768
I=0049480 |   ...dimensions unsuitable
I=0049480 |   Testing mode: 800x600
I=0049480 |   ...dimensions unsuitable
I=0049480 |   Testing mode: 640x480
I=0049480 |   ...dimensions unsuitable
I=0049480 |   Testing mode: 640x400
I=0049480 |   ...dimensions unsuitable
I=0049480 |   Testing mode: 512x384
I=0049480 |   ...dimensions unsuitable
I=0049480 |   Testing mode: 400x300
I=0049480 |   ...dimensions unsuitable
I=0049480 |   Testing mode: 320x240
I=0049480 |   ...dimensions unsuitable
I=0049480 |   Testing mode: 320x200
I=0049480 |   ...dimensions unsuitable
I=0049480 |   Setting software video mode
I=0050197 |   Setting fullscreen offset: +414,+120
I=0050198 \---DONE
I=0051194 Setting video mode
I=0051194 |   Targeting fullscreen
I=0051194 |   Calculating dimensions
I=0051194 |   ...charW=16
I=0051194 |   ...charH=16
I=0051194 |   ...wMin=1248
I=0051194 |   ...hMin=960
I=0051194 |   ...wWanted=1920
I=0051194 |   ...hWanted=1080
I=0051194 |   Limited video mode availability
I=0051194 |   Testing mode: 1920x1080
I=0051195 |   ...OKAY: wBest=1920, hBest=1080
I=0051195 |   Testing mode: 1680x1050
I=0051195 |   ...dimensions unsuitable
I=0051195 |   Testing mode: 1600x900
I=0051195 |   ...dimensions unsuitable
I=0051195 |   Testing mode: 1440x900
I=0051195 |   ...dimensions unsuitable
I=0051195 |   Testing mode: 1400x1050
I=0051195 |   ...dimensions unsuitable
I=0051195 |   Testing mode: 1366x768
I=0051195 |   ...dimensions unsuitable
I=0051195 |   Testing mode: 1360x768
I=0051195 |   ...dimensions unsuitable
I=0051195 |   Testing mode: 1280x1024
I=0051195 |   ...dimensions unsuitable
I=0051195 |   Testing mode: 1280x960
I=0051195 |   ...dimensions unsuitable
I=0051195 |   Testing mode: 1280x800
I=0051195 |   ...dimensions unsuitable
I=0051195 |   Testing mode: 1280x768
I=0051195 |   ...dimensions unsuitable
I=0051195 |   Testing mode: 1280x720
I=0051195 |   ...dimensions unsuitable
I=0051195 |   Testing mode: 1280x600
I=0051195 |   ...dimensions unsuitable
I=0051195 |   Testing mode: 1152x864
I=0051196 |   ...dimensions unsuitable
I=0051196 |   Testing mode: 1024x768
I=0051196 |   ...dimensions unsuitable
I=0051196 |   Testing mode: 800x600
I=0051196 |   ...dimensions unsuitable
I=0051196 |   Testing mode: 640x480
I=0051196 |   ...dimensions unsuitable
I=0051196 |   Testing mode: 640x400
I=0051196 |   ...dimensions unsuitable
I=0051196 |   Testing mode: 512x384
I=0051196 |   ...dimensions unsuitable
I=0051196 |   Testing mode: 400x300
I=0051196 |   ...dimensions unsuitable
I=0051196 |   Testing mode: 320x240
I=0051196 |   ...dimensions unsuitable
I=0051196 |   Testing mode: 320x200
I=0051196 |   ...dimensions unsuitable
I=0051196 |   Setting software video mode
I=0051923 |   Setting fullscreen offset: +336,+60
I=0051924 \---DONE
I=0052752 Setting video mode
I=0052752 |   Targeting fullscreen
I=0052752 |   Calculating dimensions
I=0052752 |   ...charW=18
I=0052752 |   ...charH=18
I=0052752 |   ...wMin=1404
I=0052752 |   ...hMin=1080
I=0052752 |   ...wWanted=1920
I=0052752 |   ...hWanted=1080
I=0052752 |   Limited video mode availability
I=0052752 |   Testing mode: 1920x1080
I=0052752 |   ...OKAY: wBest=1920, hBest=1080
I=0052752 |   Testing mode: 1680x1050
I=0052752 |   ...dimensions unsuitable
I=0052752 |   Testing mode: 1600x900
I=0052752 |   ...dimensions unsuitable
I=0052752 |   Testing mode: 1440x900
I=0052752 |   ...dimensions unsuitable
I=0052753 |   Testing mode: 1400x1050
I=0052753 |   ...dimensions unsuitable
I=0052753 |   Testing mode: 1366x768
I=0052753 |   ...dimensions unsuitable
I=0052753 |   Testing mode: 1360x768
I=0052753 |   ...dimensions unsuitable
I=0052753 |   Testing mode: 1280x1024
I=0052753 |   ...dimensions unsuitable
I=0052753 |   Testing mode: 1280x960
I=0052753 |   ...dimensions unsuitable
I=0052753 |   Testing mode: 1280x800
I=0052753 |   ...dimensions unsuitable
I=0052753 |   Testing mode: 1280x768
I=0052753 |   ...dimensions unsuitable
I=0052753 |   Testing mode: 1280x720
I=0052753 |   ...dimensions unsuitable
I=0052753 |   Testing mode: 1280x600
I=0052753 |   ...dimensions unsuitable
I=0052753 |   Testing mode: 1152x864
I=0052753 |   ...dimensions unsuitable
I=0052753 |   Testing mode: 1024x768
I=0052753 |   ...dimensions unsuitable
I=0052753 |   Testing mode: 800x600
I=0052753 |   ...dimensions unsuitable
I=0052753 |   Testing mode: 640x480
I=0052753 |   ...dimensions unsuitable
I=0052753 |   Testing mode: 640x400
I=0052753 |   ...dimensions unsuitable
I=0052754 |   Testing mode: 512x384
I=0052754 |   ...dimensions unsuitable
I=0052754 |   Testing mode: 400x300
I=0052754 |   ...dimensions unsuitable
I=0052754 |   Testing mode: 320x240
I=0052754 |   ...dimensions unsuitable
I=0052754 |   Testing mode: 320x200
I=0052754 |   ...dimensions unsuitable
I=0052754 |   Setting software video mode
I=0053486 |   Setting fullscreen offset: +258,+0
I=0053487 \---DONE
I=0054760 Setting video mode
I=0054760 |   Targeting fullscreen
I=0054760 |   Calculating dimensions
I=0054760 |   ...charW=8
I=0054760 |   ...charH=8
I=0054760 |   ...wMin=624
I=0054760 |   ...hMin=480
I=0054761 |   ...wWanted=1920
I=0054761 |   ...hWanted=1080
I=0054761 |   Limited video mode availability
I=0054761 |   Testing mode: 1920x1080
I=0054761 |   ...OKAY: wBest=1920, hBest=1080
I=0054761 |   Testing mode: 1680x1050
I=0054761 |   ...dimensions unsuitable
I=0054761 |   Testing mode: 1600x900
I=0054761 |   ...dimensions unsuitable
I=0054761 |   Testing mode: 1440x900
I=0054761 |   ...dimensions unsuitable
I=0054761 |   Testing mode: 1400x1050
I=0054761 |   ...dimensions unsuitable
I=0054761 |   Testing mode: 1366x768
I=0054761 |   ...dimensions unsuitable
I=0054761 |   Testing mode: 1360x768
I=0054761 |   ...dimensions unsuitable
I=0054761 |   Testing mode: 1280x1024
I=0054761 |   ...dimensions unsuitable
I=0054761 |   Testing mode: 1280x960
I=0054761 |   ...dimensions unsuitable
I=0054761 |   Testing mode: 1280x800
I=0054761 |   ...dimensions unsuitable
I=0054761 |   Testing mode: 1280x768
I=0054761 |   ...dimensions unsuitable
I=0054761 |   Testing mode: 1280x720
I=0054761 |   ...dimensions unsuitable
I=0054761 |   Testing mode: 1280x600
I=0054761 |   ...dimensions unsuitable
I=0054762 |   Testing mode: 1152x864
I=0054762 |   ...dimensions unsuitable
I=0054762 |   Testing mode: 1024x768
I=0054762 |   ...dimensions unsuitable
I=0054762 |   Testing mode: 800x600
I=0054762 |   ...dimensions unsuitable
I=0054762 |   Testing mode: 640x480
I=0054762 |   ...dimensions unsuitable
I=0054762 |   Testing mode: 640x400
I=0054762 |   ...dimensions unsuitable
I=0054762 |   Testing mode: 512x384
I=0054762 |   ...dimensions unsuitable
I=0054762 |   Testing mode: 400x300
I=0054762 |   ...dimensions unsuitable
I=0054762 |   Testing mode: 320x240
I=0054762 |   ...dimensions unsuitable
I=0054762 |   Testing mode: 320x200
I=0054762 |   ...dimensions unsuitable
I=0054762 |   Setting software video mode
I=0055479 |   Setting fullscreen offset: +648,+300
I=0055481 \---DONE
I=0057910 Setting video mode
I=0057910 |   Targeting fullscreen
I=0057910 |   Calculating dimensions
I=0057910 |   ...charW=18
I=0057910 |   ...charH=18
I=0057910 |   ...wMin=1404
I=0057910 |   ...hMin=1080
I=0057910 |   ...wWanted=1920
I=0057910 |   ...hWanted=1080
I=0057910 |   Limited video mode availability
I=0057910 |   Testing mode: 1920x1080
I=0057910 |   ...OKAY: wBest=1920, hBest=1080
I=0057910 |   Testing mode: 1680x1050
I=0057910 |   ...dimensions unsuitable
I=0057910 |   Testing mode: 1600x900
I=0057910 |   ...dimensions unsuitable
I=0057910 |   Testing mode: 1440x900
I=0057910 |   ...dimensions unsuitable
I=0057910 |   Testing mode: 1400x1050
I=0057910 |   ...dimensions unsuitable
I=0057910 |   Testing mode: 1366x768
I=0057910 |   ...dimensions unsuitable
I=0057910 |   Testing mode: 1360x768
I=0057911 |   ...dimensions unsuitable
I=0057911 |   Testing mode: 1280x1024
I=0057911 |   ...dimensions unsuitable
I=0057911 |   Testing mode: 1280x960
I=0057911 |   ...dimensions unsuitable
I=0057911 |   Testing mode: 1280x800
I=0057911 |   ...dimensions unsuitable
I=0057911 |   Testing mode: 1280x768
I=0057911 |   ...dimensions unsuitable
I=0057911 |   Testing mode: 1280x720
I=0057911 |   ...dimensions unsuitable
I=0057911 |   Testing mode: 1280x600
I=0057911 |   ...dimensions unsuitable
I=0057911 |   Testing mode: 1152x864
I=0057911 |   ...dimensions unsuitable
I=0057911 |   Testing mode: 1024x768
I=0057911 |   ...dimensions unsuitable
I=0057911 |   Testing mode: 800x600
I=0057911 |   ...dimensions unsuitable
I=0057911 |   Testing mode: 640x480
I=0057911 |   ...dimensions unsuitable
I=0057911 |   Testing mode: 640x400
I=0057911 |   ...dimensions unsuitable
I=0057911 |   Testing mode: 512x384
I=0057911 |   ...dimensions unsuitable
I=0057911 |   Testing mode: 400x300
I=0057911 |   ...dimensions unsuitable
I=0057911 |   Testing mode: 320x240
I=0057912 |   ...dimensions unsuitable
I=0057912 |   Testing mode: 320x200
I=0057912 |   ...dimensions unsuitable
I=0057912 |   Setting software video mode
I=0058648 |   Setting fullscreen offset: +258,+0
I=0058649 \---DONE
I=0248110 Setting video mode
I=0248110 |   Targeting fullscreen
I=0248110 |   Calculating dimensions
I=0248110 |   ...charW=16
I=0248110 |   ...charH=16
I=0248110 |   ...wMin=1248
I=0248110 |   ...hMin=960
I=0248110 |   ...wWanted=1920
I=0248110 |   ...hWanted=1080
I=0248111 |   Limited video mode availability
I=0248111 |   Testing mode: 1920x1080
I=0248111 |   ...OKAY: wBest=1920, hBest=1080
I=0248111 |   Testing mode: 1680x1050
I=0248111 |   ...dimensions unsuitable
I=0248111 |   Testing mode: 1600x900
I=0248111 |   ...dimensions unsuitable
I=0248111 |   Testing mode: 1440x900
I=0248111 |   ...dimensions unsuitable
I=0248111 |   Testing mode: 1400x1050
I=0248111 |   ...dimensions unsuitable
I=0248111 |   Testing mode: 1366x768
I=0248111 |   ...dimensions unsuitable
I=0248111 |   Testing mode: 1360x768
I=0248111 |   ...dimensions unsuitable
I=0248111 |   Testing mode: 1280x1024
I=0248111 |   ...dimensions unsuitable
I=0248111 |   Testing mode: 1280x960
I=0248111 |   ...dimensions unsuitable
I=0248111 |   Testing mode: 1280x800
I=0248111 |   ...dimensions unsuitable
I=0248112 |   Testing mode: 1280x768
I=0248112 |   ...dimensions unsuitable
I=0248112 |   Testing mode: 1280x720
I=0248112 |   ...dimensions unsuitable
I=0248112 |   Testing mode: 1280x600
I=0248112 |   ...dimensions unsuitable
I=0248112 |   Testing mode: 1152x864
I=0248112 |   ...dimensions unsuitable
I=0248112 |   Testing mode: 1024x768
I=0248112 |   ...dimensions unsuitable
I=0248112 |   Testing mode: 800x600
I=0248112 |   ...dimensions unsuitable
I=0248112 |   Testing mode: 640x480
I=0248112 |   ...dimensions unsuitable
I=0248112 |   Testing mode: 640x400
I=0248112 |   ...dimensions unsuitable
I=0248112 |   Testing mode: 512x384
I=0248112 |   ...dimensions unsuitable
I=0248112 |   Testing mode: 400x300
I=0248112 |   ...dimensions unsuitable
I=0248112 |   Testing mode: 320x240
I=0248112 |   ...dimensions unsuitable
I=0248112 |   Testing mode: 320x200
I=0248112 |   ...dimensions unsuitable
I=0248112 |   Setting software video mode
I=0249259 |   Setting fullscreen offset: +336,+60
I=0249260 \---DONE
I=0250835 Setting video mode
I=0250835 |   Targeting fullscreen
I=0250835 |   Calculating dimensions
I=0250835 |   ...charW=18
I=0250835 |   ...charH=18
I=0250835 |   ...wMin=1404
I=0250835 |   ...hMin=1080
I=0250835 |   ...wWanted=1920
I=0250835 |   ...hWanted=1080
I=0250835 |   Limited video mode availability
I=0250835 |   Testing mode: 1920x1080
I=0250835 |   ...OKAY: wBest=1920, hBest=1080
I=0250835 |   Testing mode: 1680x1050
I=0250835 |   ...dimensions unsuitable
I=0250835 |   Testing mode: 1600x900
I=0250835 |   ...dimensions unsuitable
I=0250835 |   Testing mode: 1440x900
I=0250835 |   ...dimensions unsuitable
I=0250835 |   Testing mode: 1400x1050
I=0250835 |   ...dimensions unsuitable
I=0250835 |   Testing mode: 1366x768
I=0250836 |   ...dimensions unsuitable
I=0250836 |   Testing mode: 1360x768
I=0250836 |   ...dimensions unsuitable
I=0250836 |   Testing mode: 1280x1024
I=0250836 |   ...dimensions unsuitable
I=0250836 |   Testing mode: 1280x960
I=0250836 |   ...dimensions unsuitable
I=0250836 |   Testing mode: 1280x800
I=0250836 |   ...dimensions unsuitable
I=0250836 |   Testing mode: 1280x768
I=0250836 |   ...dimensions unsuitable
I=0250836 |   Testing mode: 1280x720
I=0250836 |   ...dimensions unsuitable
I=0250836 |   Testing mode: 1280x600
I=0250836 |   ...dimensions unsuitable
I=0250836 |   Testing mode: 1152x864
I=0250836 |   ...dimensions unsuitable
I=0250836 |   Testing mode: 1024x768
I=0250836 |   ...dimensions unsuitable
I=0250836 |   Testing mode: 800x600
I=0250836 |   ...dimensions unsuitable
I=0250836 |   Testing mode: 640x480
I=0250836 |   ...dimensions unsuitable
I=0250836 |   Testing mode: 640x400
I=0250836 |   ...dimensions unsuitable
I=0250836 |   Testing mode: 512x384
I=0250836 |   ...dimensions unsuitable
I=0250836 |   Testing mode: 400x300
I=0250836 |   ...dimensions unsuitable
I=0250837 |   Testing mode: 320x240
I=0250837 |   ...dimensions unsuitable
I=0250837 |   Testing mode: 320x200
I=0250837 |   ...dimensions unsuitable
I=0250837 |   Setting software video mode
I=0251591 |   Setting fullscreen offset: +258,+0
I=0251592 \---DONE
I=0352363 Saving palette: Palette.txt
I=1477003 Setting video mode
I=1477003 |   Targeting fullscreen
I=1477003 |   Calculating dimensions
I=1477003 |   ...charW=16
I=1477003 |   ...charH=16
I=1477003 |   ...wMin=1248
I=1477003 |   ...hMin=960
I=1477003 |   ...wWanted=1920
I=1477003 |   ...hWanted=1080
I=1477003 |   Limited video mode availability
I=1477003 |   Testing mode: 1920x1080
I=1477003 |   ...OKAY: wBest=1920, hBest=1080
I=1477003 |   Testing mode: 1680x1050
I=1477003 |   ...dimensions unsuitable
I=1477003 |   Testing mode: 1600x900
I=1477003 |   ...dimensions unsuitable
I=1477003 |   Testing mode: 1440x900
I=1477003 |   ...dimensions unsuitable
I=1477003 |   Testing mode: 1400x1050
I=1477003 |   ...dimensions unsuitable
I=1477004 |   Testing mode: 1366x768
I=1477004 |   ...dimensions unsuitable
I=1477004 |   Testing mode: 1360x768
I=1477004 |   ...dimensions unsuitable
I=1477004 |   Testing mode: 1280x1024
I=1477004 |   ...dimensions unsuitable
I=1477004 |   Testing mode: 1280x960
I=1477004 |   ...dimensions unsuitable
I=1477004 |   Testing mode: 1280x800
I=1477004 |   ...dimensions unsuitable
I=1477004 |   Testing mode: 1280x768
I=1477004 |   ...dimensions unsuitable
I=1477004 |   Testing mode: 1280x720
I=1477004 |   ...dimensions unsuitable
I=1477004 |   Testing mode: 1280x600
I=1477004 |   ...dimensions unsuitable
I=1477004 |   Testing mode: 1152x864
I=1477004 |   ...dimensions unsuitable
I=1477004 |   Testing mode: 1024x768
I=1477004 |   ...dimensions unsuitable
I=1477004 |   Testing mode: 800x600
I=1477004 |   ...dimensions unsuitable
I=1477004 |   Testing mode: 640x480
I=1477004 |   ...dimensions unsuitable
I=1477005 |   Testing mode: 640x400
I=1477005 |   ...dimensions unsuitable
I=1477005 |   Testing mode: 512x384
I=1477005 |   ...dimensions unsuitable
I=1477005 |   Testing mode: 400x300
I=1477005 |   ...dimensions unsuitable
I=1477005 |   Testing mode: 320x240
I=1477005 |   ...dimensions unsuitable
I=1477005 |   Testing mode: 320x200
I=1477005 |   ...dimensions unsuitable
I=1477005 |   Setting software video mode
I=1478148 |   Setting fullscreen offset: +336,+60
I=1478149 \---DONE
I=1479112 Setting video mode
I=1479112 |   Targeting fullscreen
I=1479112 |   Calculating dimensions
I=1479112 |   ...charW=14
I=1479112 |   ...charH=14
I=1479112 |   ...wMin=1092
I=1479112 |   ...hMin=840
I=1479112 |   ...wWanted=1920
I=1479112 |   ...hWanted=1080
I=1479112 |   Limited video mode availability
I=1479112 |   Testing mode: 1920x1080
I=1479112 |   ...OKAY: wBest=1920, hBest=1080
I=1479112 |   Testing mode: 1680x1050
I=1479112 |   ...dimensions unsuitable
I=1479112 |   Testing mode: 1600x900
I=1479112 |   ...dimensions unsuitable
I=1479112 |   Testing mode: 1440x900
I=1479112 |   ...dimensions unsuitable
I=1479112 |   Testing mode: 1400x1050
I=1479112 |   ...dimensions unsuitable
I=1479112 |   Testing mode: 1366x768
I=1479112 |   ...dimensions unsuitable
I=1479112 |   Testing mode: 1360x768
I=1479112 |   ...dimensions unsuitable
I=1479112 |   Testing mode: 1280x1024
I=1479113 |   ...dimensions unsuitable
I=1479113 |   Testing mode: 1280x960
I=1479113 |   ...dimensions unsuitable
I=1479113 |   Testing mode: 1280x800
I=1479113 |   ...dimensions unsuitable
I=1479113 |   Testing mode: 1280x768
I=1479113 |   ...dimensions unsuitable
I=1479113 |   Testing mode: 1280x720
I=1479113 |   ...dimensions unsuitable
I=1479113 |   Testing mode: 1280x600
I=1479113 |   ...dimensions unsuitable
I=1479113 |   Testing mode: 1152x864
I=1479113 |   ...dimensions unsuitable
I=1479113 |   Testing mode: 1024x768
I=1479113 |   ...dimensions unsuitable
I=1479113 |   Testing mode: 800x600
I=1479113 |   ...dimensions unsuitable
I=1479113 |   Testing mode: 640x480
I=1479113 |   ...dimensions unsuitable
I=1479113 |   Testing mode: 640x400
I=1479113 |   ...dimensions unsuitable
I=1479113 |   Testing mode: 512x384
I=1479113 |   ...dimensions unsuitable
I=1479113 |   Testing mode: 400x300
I=1479113 |   ...dimensions unsuitable
I=1479113 |   Testing mode: 320x240
I=1479113 |   ...dimensions unsuitable
I=1479113 |   Testing mode: 320x200
I=1479113 |   ...dimensions unsuitable
I=1479113 |   Setting software video mode
I=1479848 |   Setting fullscreen offset: +414,+120
I=1479850 \---DONE
I=1511732 Setting video mode
I=1511732 |   Targeting fullscreen
I=1511732 |   Calculating dimensions
I=1511732 |   ...charW=12
I=1511732 |   ...charH=12
I=1511732 |   ...wMin=936
I=1511732 |   ...hMin=720
I=1511732 |   ...wWanted=1920
I=1511732 |   ...hWanted=1080
I=1511732 |   Limited video mode availability
I=1511732 |   Testing mode: 1920x1080
I=1511732 |   ...OKAY: wBest=1920, hBest=1080
I=1511732 |   Testing mode: 1680x1050
I=1511732 |   ...dimensions unsuitable
I=1511732 |   Testing mode: 1600x900
I=1511732 |   ...dimensions unsuitable
I=1511732 |   Testing mode: 1440x900
I=1511732 |   ...dimensions unsuitable
I=1511732 |   Testing mode: 1400x1050
I=1511732 |   ...dimensions unsuitable
I=1511732 |   Testing mode: 1366x768
I=1511732 |   ...dimensions unsuitable
I=1511732 |   Testing mode: 1360x768
I=1511733 |   ...dimensions unsuitable
I=1511733 |   Testing mode: 1280x1024
I=1511733 |   ...dimensions unsuitable
I=1511733 |   Testing mode: 1280x960
I=1511733 |   ...dimensions unsuitable
I=1511733 |   Testing mode: 1280x800
I=1511733 |   ...dimensions unsuitable
I=1511733 |   Testing mode: 1280x768
I=1511733 |   ...dimensions unsuitable
I=1511733 |   Testing mode: 1280x720
I=1511733 |   ...dimensions unsuitable
I=1511733 |   Testing mode: 1280x600
I=1511733 |   ...dimensions unsuitable
I=1511733 |   Testing mode: 1152x864
I=1511733 |   ...dimensions unsuitable
I=1511733 |   Testing mode: 1024x768
I=1511733 |   ...dimensions unsuitable
I=1511733 |   Testing mode: 800x600
I=1511733 |   ...dimensions unsuitable
I=1511733 |   Testing mode: 640x480
I=1511733 |   ...dimensions unsuitable
I=1511733 |   Testing mode: 640x400
I=1511733 |   ...dimensions unsuitable
I=1511733 |   Testing mode: 512x384
I=1511733 |   ...dimensions unsuitable
I=1511733 |   Testing mode: 400x300
I=1511733 |   ...dimensions unsuitable
I=1511733 |   Testing mode: 320x240
I=1511733 |   ...dimensions unsuitable
I=1511734 |   Testing mode: 320x200
I=1511734 |   ...dimensions unsuitable
I=1511734 |   Setting software video mode
I=1512879 |   Setting fullscreen offset: +492,+180
I=1512881 \---DONE
I=1516740 Setting video mode
I=1516740 |   Targeting fullscreen
I=1516740 |   Calculating dimensions
I=1516740 |   ...charW=14
I=1516740 |   ...charH=14
I=1516740 |   ...wMin=1092
I=1516740 |   ...hMin=840
I=1516740 |   ...wWanted=1920
I=1516740 |   ...hWanted=1080
I=1516740 |   Limited video mode availability
I=1516740 |   Testing mode: 1920x1080
I=1516740 |   ...OKAY: wBest=1920, hBest=1080
I=1516740 |   Testing mode: 1680x1050
I=1516740 |   ...dimensions unsuitable
I=1516740 |   Testing mode: 1600x900
I=1516740 |   ...dimensions unsuitable
I=1516740 |   Testing mode: 1440x900
I=1516740 |   ...dimensions unsuitable
I=1516741 |   Testing mode: 1400x1050
I=1516741 |   ...dimensions unsuitable
I=1516741 |   Testing mode: 1366x768
I=1516741 |   ...dimensions unsuitable
I=1516741 |   Testing mode: 1360x768
I=1516741 |   ...dimensions unsuitable
I=1516741 |   Testing mode: 1280x1024
I=1516741 |   ...dimensions unsuitable
I=1516741 |   Testing mode: 1280x960
I=1516741 |   ...dimensions unsuitable
I=1516741 |   Testing mode: 1280x800
I=1516741 |   ...dimensions unsuitable
I=1516741 |   Testing mode: 1280x768
I=1516741 |   ...dimensions unsuitable
I=1516741 |   Testing mode: 1280x720
I=1516741 |   ...dimensions unsuitable
I=1516741 |   Testing mode: 1280x600
I=1516741 |   ...dimensions unsuitable
I=1516741 |   Testing mode: 1152x864
I=1516741 |   ...dimensions unsuitable
I=1516741 |   Testing mode: 1024x768
I=1516741 |   ...dimensions unsuitable
I=1516741 |   Testing mode: 800x600
I=1516741 |   ...dimensions unsuitable
I=1516741 |   Testing mode: 640x480
I=1516741 |   ...dimensions unsuitable
I=1516741 |   Testing mode: 640x400
I=1516741 |   ...dimensions unsuitable
I=1516741 |   Testing mode: 512x384
I=1516741 |   ...dimensions unsuitable
I=1516742 |   Testing mode: 400x300
I=1516742 |   ...dimensions unsuitable
I=1516742 |   Testing mode: 320x240
I=1516742 |   ...dimensions unsuitable
I=1516742 |   Testing mode: 320x200
I=1516742 |   ...dimensions unsuitable
I=1516742 |   Setting software video mode
I=1517498 |   Setting fullscreen offset: +414,+120
I=1517499 \---DONE
I=1529712 Setting video mode
I=1529712 |   Targeting fullscreen
I=1529712 |   Calculating dimensions
I=1529712 |   ...charW=16
I=1529712 |   ...charH=16
I=1529712 |   ...wMin=1248
I=1529712 |   ...hMin=960
I=1529712 |   ...wWanted=1920
I=1529712 |   ...hWanted=1080
I=1529712 |   Limited video mode availability
I=1529712 |   Testing mode: 1920x1080
I=1529713 |   ...OKAY: wBest=1920, hBest=1080
I=1529713 |   Testing mode: 1680x1050
I=1529713 |   ...dimensions unsuitable
I=1529713 |   Testing mode: 1600x900
I=1529713 |   ...dimensions unsuitable
I=1529713 |   Testing mode: 1440x900
I=1529713 |   ...dimensions unsuitable
I=1529713 |   Testing mode: 1400x1050
I=1529713 |   ...dimensions unsuitable
I=1529713 |   Testing mode: 1366x768
I=1529713 |   ...dimensions unsuitable
I=1529713 |   Testing mode: 1360x768
I=1529713 |   ...dimensions unsuitable
I=1529713 |   Testing mode: 1280x1024
I=1529713 |   ...dimensions unsuitable
I=1529713 |   Testing mode: 1280x960
I=1529713 |   ...dimensions unsuitable
I=1529713 |   Testing mode: 1280x800
I=1529713 |   ...dimensions unsuitable
I=1529713 |   Testing mode: 1280x768
I=1529713 |   ...dimensions unsuitable
I=1529713 |   Testing mode: 1280x720
I=1529713 |   ...dimensions unsuitable
I=1529713 |   Testing mode: 1280x600
I=1529713 |   ...dimensions unsuitable
I=1529714 |   Testing mode: 1152x864
I=1529714 |   ...dimensions unsuitable
I=1529714 |   Testing mode: 1024x768
I=1529714 |   ...dimensions unsuitable
I=1529714 |   Testing mode: 800x600
I=1529714 |   ...dimensions unsuitable
I=1529714 |   Testing mode: 640x480
I=1529714 |   ...dimensions unsuitable
I=1529714 |   Testing mode: 640x400
I=1529714 |   ...dimensions unsuitable
I=1529714 |   Testing mode: 512x384
I=1529714 |   ...dimensions unsuitable
I=1529714 |   Testing mode: 400x300
I=1529714 |   ...dimensions unsuitable
I=1529714 |   Testing mode: 320x240
I=1529714 |   ...dimensions unsuitable
I=1529714 |   Testing mode: 320x200
I=1529714 |   ...dimensions unsuitable
I=1529714 |   Setting software video mode
I=1530872 |   Setting fullscreen offset: +336,+60
I=1530875 \---DONE
I=2003252 Setting video mode
I=2003252 |   Targeting fullscreen
I=2003252 |   Calculating dimensions
I=2003252 |   ...charW=18
I=2003252 |   ...charH=18
I=2003252 |   ...wMin=1404
I=2003252 |   ...hMin=1080
I=2003252 |   ...wWanted=1920
I=2003252 |   ...hWanted=1080
I=2003252 |   Limited video mode availability
I=2003252 |   Testing mode: 1920x1080
I=2003252 |   ...OKAY: wBest=1920, hBest=1080
I=2003252 |   Testing mode: 1680x1050
I=2003252 |   ...dimensions unsuitable
I=2003252 |   Testing mode: 1600x900
I=2003252 |   ...dimensions unsuitable
I=2003252 |   Testing mode: 1440x900
I=2003252 |   ...dimensions unsuitable
I=2003252 |   Testing mode: 1400x1050
I=2003252 |   ...dimensions unsuitable
I=2003252 |   Testing mode: 1366x768
I=2003252 |   ...dimensions unsuitable
I=2003252 |   Testing mode: 1360x768
I=2003252 |   ...dimensions unsuitable
I=2003253 |   Testing mode: 1280x1024
I=2003253 |   ...dimensions unsuitable
I=2003253 |   Testing mode: 1280x960
I=2003253 |   ...dimensions unsuitable
I=2003253 |   Testing mode: 1280x800
I=2003253 |   ...dimensions unsuitable
I=2003253 |   Testing mode: 1280x768
I=2003253 |   ...dimensions unsuitable
I=2003253 |   Testing mode: 1280x720
I=2003253 |   ...dimensions unsuitable
I=2003253 |   Testing mode: 1280x600
I=2003253 |   ...dimensions unsuitable
I=2003253 |   Testing mode: 1152x864
I=2003253 |   ...dimensions unsuitable
I=2003253 |   Testing mode: 1024x768
I=2003253 |   ...dimensions unsuitable
I=2003253 |   Testing mode: 800x600
I=2003253 |   ...dimensions unsuitable
I=2003253 |   Testing mode: 640x480
I=2003253 |   ...dimensions unsuitable
I=2003253 |   Testing mode: 640x400
I=2003253 |   ...dimensions unsuitable
I=2003253 |   Testing mode: 512x384
I=2003253 |   ...dimensions unsuitable
I=2003253 |   Testing mode: 400x300
I=2003253 |   ...dimensions unsuitable
I=2003253 |   Testing mode: 320x240
I=2003253 |   ...dimensions unsuitable
I=2003253 |   Testing mode: 320x200
I=2003253 |   ...dimensions unsuitable
I=2003253 |   Setting software video mode
I=2003993 |   Setting fullscreen offset: +258,+0
I=2003996 \---DONE
I=53042103 Saving config
I=53042124 exitREXPaint() | Cleaning up program before exit